/home/parth/Programming/Webathon/backend/scripts/seed_db.py:56: DeprecationWarning: datetime.datetime.utcnow() is deprecated and scheduled for removal in a future version. Use timezone-aware objects to represent datetimes in UTC: datetime.datetime.now(datetime.UTC).
  "created_at": datetime.utcnow(),
/home/parth/Programming/Webathon/backend/scripts/seed_db.py:57: DeprecationWarning: datetime.datetime.utcnow() is deprecated and scheduled for removal in a future version. Use timezone-aware objects to represent datetimes in UTC: datetime.datetime.now(datetime.UTC).
  "updated_at": datetime.utcnow()
/home/parth/Programming/Webathon/backend/scripts/seed_db.py:77: DeprecationWarning: datetime.datetime.utcnow() is deprecated and scheduled for removal in a future version. Use timezone-aware objects to represent datetimes in UTC: datetime.datetime.now(datetime.UTC).
  "created_at": datetime.utcnow(),
/home/parth/Programming/Webathon/backend/scripts/seed_db.py:78: DeprecationWarning: datetime.datetime.utcnow() is deprecated and scheduled for removal in a future version. Use timezone-aware objects to represent datetimes in UTC: datetime.datetime.now(datetime.UTC).
  "updated_at": datetime.utcnow()
/home/parth/Programming/Webathon/backend/scripts/seed_db.py:98: DeprecationWarning: datetime.datetime.utcnow() is deprecated and scheduled for removal in a future version. Use timezone-aware objects to represent datetimes in UTC: datetime.datetime.now(datetime.UTC).
  "created_at": datetime.utcnow(),
/home/parth/Programming/Webathon/backend/scripts/seed_db.py:99: DeprecationWarning: datetime.datetime.utcnow() is deprecated and scheduled for removal in a future version. Use timezone-aware objects to represent datetimes in UTC: datetime.datetime.now(datetime.UTC).
  "updated_at": datetime.utcnow()
/home/parth/Programming/Webathon/backend/scripts/seed_db.py:119: DeprecationWarning: datetime.datetime.utcnow() is deprecated and scheduled for removal in a future version. Use timezone-aware objects to represent datetimes in UTC: datetime.datetime.now(datetime.UTC).
  "created_at": datetime.utcnow(),
/home/parth/Programming/Webathon/backend/scripts/seed_db.py:120: DeprecationWarning: datetime.datetime.utcnow() is deprecated and scheduled for removal in a future version. Use timezone-aware objects to represent datetimes in UTC: datetime.datetime.now(datetime.UTC).
  "updated_at": datetime.utcnow()
/home/parth/Programming/Webathon/backend/scripts/seed_db.py:140: DeprecationWarning: datetime.datetime.utcnow() is deprecated and scheduled for removal in a future version. Use timezone-aware objects to represent datetimes in UTC: datetime.datetime.now(datetime.UTC).
  "created_at": datetime.utcnow(),
/home/parth/Programming/Webathon/backend/scripts/seed_db.py:141: DeprecationWarning: datetime.datetime.utcnow() is deprecated and scheduled for removal in a future version. Use timezone-aware objects to represent datetimes in UTC: datetime.datetime.now(datetime.UTC).
  "updated_at": datetime.utcnow()
/home/parth/Programming/Webathon/backend/scripts/seed_db.py:160: DeprecationWarning: datetime.datetime.utcnow() is deprecated and scheduled for removal in a future version. Use timezone-aware objects to represent datetimes in UTC: datetime.datetime.now(datetime.UTC).
  "created_at": datetime.utcnow(),
/home/parth/Programming/Webathon/backend/scripts/seed_db.py:161: DeprecationWarning: datetime.datetime.utcnow() is deprecated and scheduled for removal in a future version. Use timezone-aware objects to represent datetimes in UTC: datetime.datetime.now(datetime.UTC).
  "updated_at": datetime.utcnow()
/home/parth/Programming/Webathon/backend/scripts/seed_db.py:168: DeprecationWarning: datetime.datetime.utcnow() is deprecated and scheduled for removal in a future version. Use timezone-aware objects to represent datetimes in UTC: datetime.datetime.now(datetime.UTC).
  "created_at": datetime.utcnow(),
/home/parth/Programming/Webathon/backend/scripts/seed_db.py:169: DeprecationWarning: datetime.datetime.utcnow() is deprecated and scheduled for removal in a future version. Use timezone-aware objects to represent datetimes in UTC: datetime.datetime.now(datetime.UTC).
  "updated_at": datetime.utcnow()
/home/parth/Programming/Webathon/backend/scripts/seed_db.py:176: DeprecationWarning: datetime.datetime.utcnow() is deprecated and scheduled for removal in a future version. Use timezone-aware objects to represent datetimes in UTC: datetime.datetime.now(datetime.UTC).
  "created_at": datetime.utcnow(),
/home/parth/Programming/Webathon/backend/scripts/seed_db.py:177: DeprecationWarning: datetime.datetime.utcnow() is deprecated and scheduled for removal in a future version. Use timezone-aware objects to represent datetimes in UTC: datetime.datetime.now(datetime.UTC).
  "updated_at": datetime.utcnow()
Connecting to MongoDB at mongodb://localhost:27017...
Clearing existing users and interests...
Creating mock users with Unsplash images...
Inserted 5 users.
Creating mock interests...
Inserted 3 interests.
Database seeding completed successfully!
